<?xml version="1.0" encoding="UTF-8"?>
<testsuite xmlns:xsi="http://www.w3.org/2001/XMLSchema-instance" xsi:noNamespaceSchemaLocation="https://maven.apache.org/surefire/maven-surefire-plugin/xsd/surefire-test-report-3.0.xsd" version="3.0" name="TestSuite" time="10.851" tests="3" errors="0" skipped="0" failures="1">
  <properties>
[...]
</properties>
  <testcase name="addComputer" classname="com.zeidler.homepage.homepageTest" time="5.842">
    <failure message="expected [Done! Computer  has been created] but found [Computer name&#10;Required]" type="java.lang.AssertionError">java.lang.AssertionError: 
expected [Done! Computer  has been created] but found [Computer name
Required]
	at com.zeidler.homepage.homepageTest.addComputer(homepageTest.java:64)
</failure>
    <system-out><![CDATA[The env value is : conf
Download file path : /Users/neethkunjappa/Documents/zeidler/download
mac os x
2020-08-03 13:36:45 INFO  [main] (BrowserDriverFactory.java:99) - browserchrome
2020-08-03 13:36:45 INFO  [main] (BrowserDriverFactory.java:106) - Create driver: chrome
2020-08-03 13:36:47 INFO  [main] (BrowserDriverFactory.java:131) - Browser version is : 84.0.4147.105
2020-08-03 13:36:47 INFO  [main] (BaseTest.java:75) - Browser resolution:  (1440, 819)
2020-08-03 13:36:47 INFO  [main] (BaseTest.java:77) - Current Screen resolution : w : 1440 h : 900
2020-08-03 13:36:47 INFO  [main] (BaseTest.java:86) - Browser resolution:  (1440, 819)
2020-08-03 13:36:47 INFO  [main] (TestListener.java:75) - [TEST homepageTest STARTED]
The path of csv is src/test/resources/dataproviders/homepageTest/addComputer.csv
2020-08-03 13:36:47 INFO  [main] (homepageTest.java:29) - Starting Test.
2020-08-03 13:36:47 INFO  [main] (homepageTest.java:31) - The env value is: conf
2020-08-03 13:36:49 INFO  [main] (TestListener.java:53) - [Starting addComputer]
2020-08-03 13:36:49 INFO  [main] (homepageTest.java:50) - 6
2020-08-03 13:36:49 INFO  [main] (homepageTest.java:57) - **** Started : add computers ***
2020-08-03 13:36:49 INFO  [main] (homepageTest.java:61) - total number of computers in the system613
2020-08-03 13:36:52 INFO  [main] (HomePage.java:65) - No introduced date
2020-08-03 13:36:52 INFO  [main] (HomePage.java:70) - No discontinued date
2020-08-03 13:36:52 INFO  [main] (HomePage.java:75) - No company name 
2020-08-03 13:36:53 INFO  [main] (HomePage.java:84) - The banner existsComputer name
Required
2020-08-03 13:36:53 INFO  [main] (TestListener.java:110) - [Test addComputer failed]
]]></system-out>
    <system-err><![CDATA[SLF4J: Failed to load class "org.slf4j.impl.StaticLoggerBinder".
SLF4J: Defaulting to no-operation (NOP) logger implementation
SLF4J: See http://www.slf4j.org/codes.html#StaticLoggerBinder for further details.
Starting ChromeDriver 84.0.4147.30 (48b3e868b4cc0aa7e8149519690b6f6949e110a8-refs/branch-heads/4147@{#310}) on port 43305
Only local connections are allowed.
Please see https://chromedriver.chromium.org/security-considerations for suggestions on keeping ChromeDriver safe.
[1596442006.086][WARNING]: FromSockAddr failed on netmask
ChromeDriver was started successfully.
Aug 03, 2020 1:36:47 PM org.openqa.selenium.remote.ProtocolHandshake createSession
INFO: Detected dialect: W3C
]]></system-err>
  </testcase>
  <testcase name="editComputer" classname="com.zeidler.homepage.homepageTest" time="0.003"/>
  <testcase name="searchComputer" classname="com.zeidler.homepage.homepageTest" time="0.001"/>
</testsuite>